<?xml version="1.0" encoding="UTF-8"?>
<!-- Generated by org.testng.reporters.JUnitReportReporter -->
<testsuite hostname="mrane" name="LoginModuleTests.DataDrivenLoginTests" tests="4" failures="0" timestamp="4 Oct 2018 12:51:52 GMT" time="0.961" errors="0">
  <testcase name="login" time="0.347" classname="LoginModuleTests.DataDrivenLoginTests"/>
  <testcase name="login" time="0.204" classname="LoginModuleTests.DataDrivenLoginTests"/>
  <testcase name="login" time="0.213" classname="LoginModuleTests.DataDrivenLoginTests"/>
  <testcase name="login" time="0.197" classname="LoginModuleTests.DataDrivenLoginTests"/>
</testsuite> <!-- LoginModuleTests.DataDrivenLoginTests -->
