<?xml version="1.0" encoding="UTF-8"?>
<!-- Generated by org.testng.reporters.JUnitReportReporter -->
<testsuite hostname="mrane" name="LoginModuleTests.DataDrivenLoginTests" tests="4" failures="0" timestamp="5 Oct 2018 08:56:35 GMT" time="1.290" errors="0">
  <testcase name="login" time="0.506" classname="LoginModuleTests.DataDrivenLoginTests"/>
  <testcase name="login" time="0.218" classname="LoginModuleTests.DataDrivenLoginTests"/>
  <testcase name="login" time="0.269" classname="LoginModuleTests.DataDrivenLoginTests"/>
  <testcase name="login" time="0.297" classname="LoginModuleTests.DataDrivenLoginTests"/>
</testsuite> <!-- LoginModuleTests.DataDrivenLoginTests -->
