<?xml version="1.0" encoding="UTF-8"?>
<!-- Generated by org.testng.reporters.JUnitReportReporter -->
<testsuite hostname="mrane" name="LoginModuleTests.DataDrivenLoginTests" tests="4" failures="0" timestamp="5 Oct 2018 12:38:08 GMT" time="1.507" errors="0">
  <testcase name="login" time="0.274" classname="LoginModuleTests.DataDrivenLoginTests"/>
  <testcase name="login" time="0.721" classname="LoginModuleTests.DataDrivenLoginTests"/>
  <testcase name="login" time="0.264" classname="LoginModuleTests.DataDrivenLoginTests"/>
  <testcase name="login" time="0.248" classname="LoginModuleTests.DataDrivenLoginTests"/>
</testsuite> <!-- LoginModuleTests.DataDrivenLoginTests -->
