<?xml version="1.0" encoding="UTF-8"?>
<!-- Generated by org.testng.reporters.JUnitReportReporter -->
<testsuite hostname="mrane" name="RestApiTest.UseCase1Test" tests="1" failures="0" timestamp="13 Nov 2018 10:37:35 GMT" time="4.435" errors="0">
  <testcase name="sampleGetTests" time="4.435" classname="RestApiTest.UseCase1Test"/>
</testsuite> <!-- RestApiTest.UseCase1Test -->
