<?xml version="1.0" encoding="UTF-8"?>
<!-- Generated by org.testng.reporters.JUnitReportReporter -->
<testsuite hostname="mrane" name="RestApiTest.UseCase1Test" tests="4" failures="0" timestamp="11 Oct 2018 07:03:25 GMT" time="9.242" errors="0">
  <testcase name="getRequestSchemaValidation" time="3.943" classname="RestApiTest.UseCase1Test"/>
  <testcase name="getRequestWithParams" time="3.454" classname="RestApiTest.UseCase1Test"/>
  <testcase name="sampleGetTestOne" time="1.035" classname="RestApiTest.UseCase1Test"/>
  <testcase name="sampleGetTests" time="0.810" classname="RestApiTest.UseCase1Test"/>
</testsuite> <!-- RestApiTest.UseCase1Test -->
